2024-09-10T10:54:23.725Z [INFO]: Connected to MongoDB, starting deposit tracking...
2024-09-10T10:54:24.334Z [INFO]: No new deposit logs found.
2024-09-10T10:54:34.227Z [INFO]: Connected to MongoDB, starting deposit tracking...
2024-09-10T10:54:34.635Z [INFO]: No new deposit logs found.
2024-09-10T10:55:34.638Z [INFO]: Running deposit tracker...
2024-09-10T10:55:34.976Z [INFO]: No new deposit logs found.
2024-09-10T10:56:34.639Z [INFO]: Running deposit tracker...
2024-09-10T10:56:34.952Z [INFO]: No new deposit logs found.
2024-09-10T10:57:34.645Z [INFO]: Running deposit tracker...
2024-09-10T10:57:34.982Z [INFO]: No new deposit logs found.
2024-09-10T10:58:34.657Z [INFO]: Running deposit tracker...
2024-09-10T10:58:35.023Z [INFO]: No new deposit logs found.
2024-09-10T10:59:34.665Z [INFO]: Running deposit tracker...
2024-09-10T10:59:35.364Z [INFO]: No new deposit logs found.
2024-09-10T11:00:34.667Z [INFO]: Running deposit tracker...
2024-09-10T11:00:35.233Z [INFO]: No new deposit logs found.
2024-09-10T11:01:34.673Z [INFO]: Running deposit tracker...
2024-09-10T11:01:35.325Z [INFO]: Found 1 new deposit logs.
2024-09-10T11:01:36.189Z [INFO]: Deposit stored: {"blockNumber":6666263,"blockTimestamp":"2024-09-10T11:01:24.000Z","fee":"86861","hash":"0x61ec2a413177ed5256b6d63be7222bc9495f2733dffbf00a0ea5c1b5c3e46b73","pubkey":"0x62f523355cC9ec3F154e448ed9D7a0AB53AAAc2a","_id":"66e02710a5b031dc2628ef5c"}
2024-09-10T11:01:37.057Z [INFO]: Alert sent to Telegram: New deposit detected!
Transaction Hash: undefined
Amount: undefined
Sender: undefined
Block Number: 6666263
Timestamp: undefined
2024-09-10T11:02:34.673Z [INFO]: Running deposit tracker...
2024-09-10T11:02:35.020Z [INFO]: No new deposit logs found.
2024-09-10T11:03:34.682Z [INFO]: Running deposit tracker...
2024-09-10T11:03:35.028Z [INFO]: No new deposit logs found.
2024-09-10T11:04:34.685Z [INFO]: Running deposit tracker...
2024-09-10T11:04:35.098Z [INFO]: No new deposit logs found.
2024-09-10T11:05:34.691Z [INFO]: Running deposit tracker...
2024-09-10T11:05:35.256Z [INFO]: No new deposit logs found.
2024-09-10T11:06:34.701Z [INFO]: Running deposit tracker...
2024-09-10T11:06:35.277Z [INFO]: No new deposit logs found.
2024-09-10T11:07:34.705Z [INFO]: Running deposit tracker...
2024-09-10T11:07:35.240Z [INFO]: No new deposit logs found.
2024-09-10T11:08:34.711Z [INFO]: Running deposit tracker...
2024-09-10T11:08:35.075Z [INFO]: No new deposit logs found.
2024-09-10T11:09:34.711Z [INFO]: Running deposit tracker...
2024-09-10T11:09:35.049Z [INFO]: No new deposit logs found.
2024-09-10T11:10:34.722Z [INFO]: Running deposit tracker...
2024-09-10T11:10:35.261Z [INFO]: No new deposit logs found.
2024-09-10T11:11:34.726Z [INFO]: Running deposit tracker...
2024-09-10T11:11:35.277Z [INFO]: No new deposit logs found.
2024-09-10T11:12:34.732Z [INFO]: Running deposit tracker...
2024-09-10T11:12:35.325Z [INFO]: No new deposit logs found.
2024-09-10T11:13:34.746Z [INFO]: Running deposit tracker...
2024-09-10T11:13:35.418Z [INFO]: No new deposit logs found.
2024-09-10T11:15:27.470Z [INFO]: Connected to MongoDB, starting deposit tracking...
2024-09-10T11:15:28.645Z [INFO]: Fetched logs from block 0
2024-09-10T11:15:28.646Z [INFO]: Found 982 new deposit logs.
2024-09-10T11:15:29.244Z [INFO]: Fetched transaction details for hash: 0x458a695f72b4a64da3ad72e69362a9a8eb8c281c9b8ac3a62e566ff57a8708c0
2024-09-10T11:15:29.524Z [INFO]: Fetched block timestamp for block number: 6650590
2024-09-10T11:15:29.831Z [INFO]: Fetched transaction details for hash: 0x492b1947a1ba06b36b3f1ae22a757c784c9393682c18b3578a492922564a0969
2024-09-10T11:15:30.106Z [INFO]: Fetched block timestamp for block number: 6650622
2024-09-10T11:15:30.412Z [INFO]: Fetched transaction details for hash: 0x492b1947a1ba06b36b3f1ae22a757c784c9393682c18b3578a492922564a0969
2024-09-10T11:19:34.167Z [INFO]: Connected to MongoDB, starting deposit tracking...
2024-09-10T11:19:35.435Z [INFO]: Fetched logs from block 0
2024-09-10T11:19:35.436Z [INFO]: Found 983 new deposit logs.
2024-09-10T11:19:35.992Z [INFO]: Fetched transaction details for hash: 0x458a695f72b4a64da3ad72e69362a9a8eb8c281c9b8ac3a62e566ff57a8708c0
2024-09-10T11:20:53.625Z [INFO]: Connected to MongoDB, starting deposit tracking...
2024-09-10T11:21:24.639Z [INFO]: Connected to MongoDB, starting deposit tracking...
2024-09-10T11:21:25.342Z [INFO]: Fetched logs from block 6666215
2024-09-10T11:21:25.342Z [INFO]: Found 9 new deposit logs.
2024-09-10T11:21:25.958Z [INFO]: Fetched transaction details for hash: 0x55f5cbf1a2d0ca68237f70086b66f8472694477c0a8ac2a3658cab3af62f1774
2024-09-10T11:21:26.268Z [INFO]: Fetched block timestamp for block number: 6666215
2024-09-10T11:21:26.706Z [INFO]: Fetched transaction details for hash: 0x7eac9acec4fcfa5865190ed68fc3fcacc6bda88ce111568a7cb056175b4b21c0
2024-09-10T11:21:27.080Z [INFO]: Fetched block timestamp for block number: 6666237
2024-09-10T11:21:27.424Z [INFO]: Fetched transaction details for hash: 0xb0080d52def285f6a8fb796888062e179ed48ffc58d6bfdb1d35e869420a7781
2024-09-10T11:21:28.236Z [INFO]: Fetched block timestamp for block number: 6666250
2024-09-10T11:21:28.611Z [INFO]: Fetched transaction details for hash: 0x61ec2a413177ed5256b6d63be7222bc9495f2733dffbf00a0ea5c1b5c3e46b73
2024-09-10T11:21:28.985Z [INFO]: Fetched block timestamp for block number: 6666263
2024-09-10T11:21:29.330Z [INFO]: Fetched transaction details for hash: 0x401211fafd55de053b3d02ef85d64187afd7c13d08c1003e2083ed262763c321
2024-09-10T11:21:30.072Z [INFO]: Fetched block timestamp for block number: 6666284
2024-09-10T11:21:30.675Z [INFO]: Fetched transaction details for hash: 0x8bef7b6a1c299b85d009c4de4a82a7737039e93b66f16593bd79c0e6a62e2ca9
2024-09-10T11:21:31.113Z [INFO]: Fetched block timestamp for block number: 6666297
2024-09-10T11:21:31.456Z [INFO]: Fetched transaction details for hash: 0x4e9a850119289a5281301e8c31c66383d3123097810fc6d7ceefe41c8227fb75
2024-09-10T11:21:33.803Z [INFO]: Fetched block timestamp for block number: 6666313
2024-09-10T11:21:35.552Z [INFO]: Fetched transaction details for hash: 0x31fd1886411042903033ca8dc8a53818a10e25dcee3a7121b5c71a4769e573f3
2024-09-10T11:21:35.893Z [INFO]: Fetched block timestamp for block number: 6666326
2024-09-10T11:21:36.206Z [INFO]: Fetched transaction details for hash: 0xb00ca0ed6f2abe4e196073ac7aeb7ff9dbf98d599f4aefc7a2db4ca7edb57ccb
2024-09-10T11:21:36.519Z [INFO]: Fetched block timestamp for block number: 6666338
2024-09-10T11:22:36.585Z [INFO]: Running deposit tracker...
2024-09-10T11:22:37.556Z [INFO]: Fetched logs from block 6666215
2024-09-10T11:22:37.556Z [INFO]: Found 9 new deposit logs.
2024-09-10T11:22:38.116Z [INFO]: Fetched transaction details for hash: 0x55f5cbf1a2d0ca68237f70086b66f8472694477c0a8ac2a3658cab3af62f1774
2024-09-10T11:22:38.430Z [INFO]: Fetched block timestamp for block number: 6666215
2024-09-10T11:22:38.772Z [INFO]: Fetched transaction details for hash: 0x7eac9acec4fcfa5865190ed68fc3fcacc6bda88ce111568a7cb056175b4b21c0
2024-09-10T11:22:40.025Z [INFO]: Fetched block timestamp for block number: 6666237
2024-09-10T11:22:40.366Z [INFO]: Fetched transaction details for hash: 0xb0080d52def285f6a8fb796888062e179ed48ffc58d6bfdb1d35e869420a7781
2024-09-10T11:22:41.117Z [INFO]: Fetched block timestamp for block number: 6666250
2024-09-10T11:22:41.710Z [INFO]: Fetched transaction details for hash: 0x61ec2a413177ed5256b6d63be7222bc9495f2733dffbf00a0ea5c1b5c3e46b73
2024-09-10T11:22:42.836Z [INFO]: Fetched block timestamp for block number: 6666263
2024-09-10T11:22:43.148Z [INFO]: Fetched transaction details for hash: 0x401211fafd55de053b3d02ef85d64187afd7c13d08c1003e2083ed262763c321
2024-09-10T11:22:43.584Z [INFO]: Fetched block timestamp for block number: 6666284
2024-09-10T11:22:43.899Z [INFO]: Fetched transaction details for hash: 0x8bef7b6a1c299b85d009c4de4a82a7737039e93b66f16593bd79c0e6a62e2ca9
2024-09-10T11:22:44.338Z [INFO]: Fetched block timestamp for block number: 6666297
2024-09-10T11:22:44.928Z [INFO]: Fetched transaction details for hash: 0x4e9a850119289a5281301e8c31c66383d3123097810fc6d7ceefe41c8227fb75
2024-09-10T11:22:45.212Z [INFO]: Fetched block timestamp for block number: 6666313
2024-09-10T11:22:45.555Z [INFO]: Fetched transaction details for hash: 0x31fd1886411042903033ca8dc8a53818a10e25dcee3a7121b5c71a4769e573f3
2024-09-10T11:22:46.209Z [INFO]: Fetched block timestamp for block number: 6666326
2024-09-10T11:22:46.804Z [INFO]: Fetched transaction details for hash: 0xb00ca0ed6f2abe4e196073ac7aeb7ff9dbf98d599f4aefc7a2db4ca7edb57ccb
2024-09-10T11:22:47.276Z [INFO]: Fetched block timestamp for block number: 6666338
2024-09-10T11:23:36.598Z [INFO]: Running deposit tracker...
2024-09-10T11:23:39.371Z [INFO]: Fetched logs from block 6666215
2024-09-10T11:23:39.371Z [INFO]: Found 9 new deposit logs.
2024-09-10T11:23:39.932Z [INFO]: Fetched transaction details for hash: 0x55f5cbf1a2d0ca68237f70086b66f8472694477c0a8ac2a3658cab3af62f1774
2024-09-10T11:23:40.338Z [INFO]: Fetched block timestamp for block number: 6666215
2024-09-10T11:23:40.682Z [INFO]: Fetched transaction details for hash: 0x7eac9acec4fcfa5865190ed68fc3fcacc6bda88ce111568a7cb056175b4b21c0
2024-09-10T11:23:41.091Z [INFO]: Fetched block timestamp for block number: 6666237
2024-09-10T11:23:41.403Z [INFO]: Fetched transaction details for hash: 0xb0080d52def285f6a8fb796888062e179ed48ffc58d6bfdb1d35e869420a7781
2024-09-10T11:23:41.808Z [INFO]: Fetched block timestamp for block number: 6666250
2024-09-10T11:23:42.120Z [INFO]: Fetched transaction details for hash: 0x61ec2a413177ed5256b6d63be7222bc9495f2733dffbf00a0ea5c1b5c3e46b73
2024-09-10T11:23:42.466Z [INFO]: Fetched block timestamp for block number: 6666263
2024-09-10T11:23:43.246Z [INFO]: Fetched transaction details for hash: 0x401211fafd55de053b3d02ef85d64187afd7c13d08c1003e2083ed262763c321
2024-09-10T11:23:43.650Z [INFO]: Fetched block timestamp for block number: 6666284
2024-09-10T11:23:43.964Z [INFO]: Fetched transaction details for hash: 0x8bef7b6a1c299b85d009c4de4a82a7737039e93b66f16593bd79c0e6a62e2ca9
2024-09-10T11:23:44.371Z [INFO]: Fetched block timestamp for block number: 6666297
2024-09-10T11:23:44.746Z [INFO]: Fetched transaction details for hash: 0x4e9a850119289a5281301e8c31c66383d3123097810fc6d7ceefe41c8227fb75
2024-09-10T11:24:00.121Z [INFO]: Fetched block timestamp for block number: 6666313
2024-09-10T11:24:00.995Z [INFO]: Fetched transaction details for hash: 0x31fd1886411042903033ca8dc8a53818a10e25dcee3a7121b5c71a4769e573f3
2024-09-10T11:24:01.437Z [INFO]: Fetched block timestamp for block number: 6666326
2024-09-10T11:24:02.027Z [INFO]: Fetched transaction details for hash: 0xb00ca0ed6f2abe4e196073ac7aeb7ff9dbf98d599f4aefc7a2db4ca7edb57ccb
2024-09-10T11:24:02.374Z [INFO]: Fetched block timestamp for block number: 6666338
2024-09-10T11:29:15.225Z [INFO]: Connected to MongoDB, starting deposit tracking...
2024-09-10T11:29:16.377Z [INFO]: Fetched logs from block 6666215
2024-09-10T11:29:16.378Z [INFO]: Found 10 new deposit logs.
2024-09-10T11:29:16.977Z [INFO]: Fetched transaction details for hash: 0x55f5cbf1a2d0ca68237f70086b66f8472694477c0a8ac2a3658cab3af62f1774
2024-09-10T11:29:17.392Z [INFO]: Fetched block timestamp for block number: 6666215
2024-09-10T11:29:17.436Z [INFO]: Deposit stored: {"blockNumber":6666215,"blockTimestamp":"2024-09-10T10:48:36.000Z","fee":"86837","hash":"0x55f5cbf1a2d0ca68237f70086b66f8472694477c0a8ac2a3658cab3af62f1774","pubkey":"0x62f523355cC9ec3F154e448ed9D7a0AB53AAAc2a","_id":"66e02d8d5803ed15181fa79e"}
2024-09-10T11:29:18.162Z [INFO]: Alert sent to Telegram: New deposit detected!
Block Number: 6666215Block Timestamp: 2024-09-10T10:48:36.000ZFee: 86837Hash: 0x55f5cbf1a2d0ca68237f70086b66f8472694477c0a8ac2a3658cab3af62f1774PubKey: 0x62f523355cC9ec3F154e448ed9D7a0AB53AAAc2a
2024-09-10T11:29:18.483Z [INFO]: Fetched transaction details for hash: 0x7eac9acec4fcfa5865190ed68fc3fcacc6bda88ce111568a7cb056175b4b21c0
2024-09-10T11:29:18.774Z [INFO]: Fetched block timestamp for block number: 6666237
2024-09-10T11:29:18.810Z [INFO]: Deposit stored: {"blockNumber":6666237,"blockTimestamp":"2024-09-10T10:53:48.000Z","fee":"86861","hash":"0x7eac9acec4fcfa5865190ed68fc3fcacc6bda88ce111568a7cb056175b4b21c0","pubkey":"0x62f523355cC9ec3F154e448ed9D7a0AB53AAAc2a","_id":"66e02d8e5803ed15181fa79f"}
2024-09-10T11:29:19.159Z [INFO]: Alert sent to Telegram: New deposit detected!
Block Number: 6666237Block Timestamp: 2024-09-10T10:53:48.000ZFee: 86861Hash: 0x7eac9acec4fcfa5865190ed68fc3fcacc6bda88ce111568a7cb056175b4b21c0PubKey: 0x62f523355cC9ec3F154e448ed9D7a0AB53AAAc2a
2024-09-10T11:29:19.489Z [INFO]: Fetched transaction details for hash: 0xb0080d52def285f6a8fb796888062e179ed48ffc58d6bfdb1d35e869420a7781
2024-09-10T11:29:19.800Z [INFO]: Fetched block timestamp for block number: 6666250
2024-09-10T11:29:19.836Z [INFO]: Deposit stored: {"blockNumber":6666250,"blockTimestamp":"2024-09-10T10:57:48.000Z","fee":"86861","hash":"0xb0080d52def285f6a8fb796888062e179ed48ffc58d6bfdb1d35e869420a7781","pubkey":"0x62f523355cC9ec3F154e448ed9D7a0AB53AAAc2a","_id":"66e02d8f5803ed15181fa7a0"}
2024-09-10T11:29:20.246Z [INFO]: Alert sent to Telegram: New deposit detected!
Block Number: 6666250Block Timestamp: 2024-09-10T10:57:48.000ZFee: 86861Hash: 0xb0080d52def285f6a8fb796888062e179ed48ffc58d6bfdb1d35e869420a7781PubKey: 0x62f523355cC9ec3F154e448ed9D7a0AB53AAAc2a
2024-09-10T11:29:20.569Z [INFO]: Fetched transaction details for hash: 0x61ec2a413177ed5256b6d63be7222bc9495f2733dffbf00a0ea5c1b5c3e46b73
2024-09-10T11:29:20.869Z [INFO]: Fetched block timestamp for block number: 6666263
2024-09-10T11:29:20.905Z [INFO]: Deposit stored: {"blockNumber":6666263,"blockTimestamp":"2024-09-10T11:01:24.000Z","fee":"86861","hash":"0x61ec2a413177ed5256b6d63be7222bc9495f2733dffbf00a0ea5c1b5c3e46b73","pubkey":"0x62f523355cC9ec3F154e448ed9D7a0AB53AAAc2a","_id":"66e02d905803ed15181fa7a1"}
2024-09-10T11:29:21.252Z [INFO]: Alert sent to Telegram: New deposit detected!
Block Number: 6666263Block Timestamp: 2024-09-10T11:01:24.000ZFee: 86861Hash: 0x61ec2a413177ed5256b6d63be7222bc9495f2733dffbf00a0ea5c1b5c3e46b73PubKey: 0x62f523355cC9ec3F154e448ed9D7a0AB53AAAc2a
2024-09-10T11:29:21.563Z [INFO]: Fetched transaction details for hash: 0x401211fafd55de053b3d02ef85d64187afd7c13d08c1003e2083ed262763c321
2024-09-10T11:29:21.834Z [INFO]: Fetched block timestamp for block number: 6666284
2024-09-10T11:29:21.870Z [INFO]: Deposit stored: {"blockNumber":6666284,"blockTimestamp":"2024-09-10T11:06:48.000Z","fee":"86861","hash":"0x401211fafd55de053b3d02ef85d64187afd7c13d08c1003e2083ed262763c321","pubkey":"0x62f523355cC9ec3F154e448ed9D7a0AB53AAAc2a","_id":"66e02d915803ed15181fa7a2"}
2024-09-10T11:29:22.219Z [INFO]: Alert sent to Telegram: New deposit detected!
Block Number: 6666284Block Timestamp: 2024-09-10T11:06:48.000ZFee: 86861Hash: 0x401211fafd55de053b3d02ef85d64187afd7c13d08c1003e2083ed262763c321PubKey: 0x62f523355cC9ec3F154e448ed9D7a0AB53AAAc2a
2024-09-10T11:29:22.600Z [INFO]: Fetched transaction details for hash: 0x8bef7b6a1c299b85d009c4de4a82a7737039e93b66f16593bd79c0e6a62e2ca9
2024-09-10T11:29:22.889Z [INFO]: Fetched block timestamp for block number: 6666297
2024-09-10T11:29:22.925Z [INFO]: Deposit stored: {"blockNumber":6666297,"blockTimestamp":"2024-09-10T11:09:36.000Z","fee":"86861","hash":"0x8bef7b6a1c299b85d009c4de4a82a7737039e93b66f16593bd79c0e6a62e2ca9","pubkey":"0x62f523355cC9ec3F154e448ed9D7a0AB53AAAc2a","_id":"66e02d925803ed15181fa7a3"}
2024-09-10T11:29:23.337Z [INFO]: Alert sent to Telegram: New deposit detected!
Block Number: 6666297Block Timestamp: 2024-09-10T11:09:36.000ZFee: 86861Hash: 0x8bef7b6a1c299b85d009c4de4a82a7737039e93b66f16593bd79c0e6a62e2ca9PubKey: 0x62f523355cC9ec3F154e448ed9D7a0AB53AAAc2a
2024-09-10T11:29:23.653Z [INFO]: Fetched transaction details for hash: 0x4e9a850119289a5281301e8c31c66383d3123097810fc6d7ceefe41c8227fb75
2024-09-10T11:29:23.956Z [INFO]: Fetched block timestamp for block number: 6666313
2024-09-10T11:29:23.992Z [INFO]: Deposit stored: {"blockNumber":6666313,"blockTimestamp":"2024-09-10T11:13:12.000Z","fee":"86849","hash":"0x4e9a850119289a5281301e8c31c66383d3123097810fc6d7ceefe41c8227fb75","pubkey":"0x62f523355cC9ec3F154e448ed9D7a0AB53AAAc2a","_id":"66e02d935803ed15181fa7a4"}
2024-09-10T11:29:24.336Z [INFO]: Alert sent to Telegram: New deposit detected!
Block Number: 6666313Block Timestamp: 2024-09-10T11:13:12.000ZFee: 86849Hash: 0x4e9a850119289a5281301e8c31c66383d3123097810fc6d7ceefe41c8227fb75PubKey: 0x62f523355cC9ec3F154e448ed9D7a0AB53AAAc2a
2024-09-10T11:29:24.697Z [INFO]: Fetched transaction details for hash: 0x31fd1886411042903033ca8dc8a53818a10e25dcee3a7121b5c71a4769e573f3
2024-09-10T11:29:24.987Z [INFO]: Fetched block timestamp for block number: 6666326
2024-09-10T11:29:25.021Z [INFO]: Deposit stored: {"blockNumber":6666326,"blockTimestamp":"2024-09-10T11:17:00.000Z","fee":"86861","hash":"0x31fd1886411042903033ca8dc8a53818a10e25dcee3a7121b5c71a4769e573f3","pubkey":"0x62f523355cC9ec3F154e448ed9D7a0AB53AAAc2a","_id":"66e02d945803ed15181fa7a5"}
2024-09-10T11:29:25.386Z [INFO]: Alert sent to Telegram: New deposit detected!
Block Number: 6666326Block Timestamp: 2024-09-10T11:17:00.000ZFee: 86861Hash: 0x31fd1886411042903033ca8dc8a53818a10e25dcee3a7121b5c71a4769e573f3PubKey: 0x62f523355cC9ec3F154e448ed9D7a0AB53AAAc2a
2024-09-10T11:29:25.989Z [INFO]: Fetched transaction details for hash: 0xb00ca0ed6f2abe4e196073ac7aeb7ff9dbf98d599f4aefc7a2db4ca7edb57ccb
2024-09-10T11:29:26.286Z [INFO]: Fetched block timestamp for block number: 6666338
2024-09-10T11:29:26.321Z [INFO]: Deposit stored: {"blockNumber":6666338,"blockTimestamp":"2024-09-10T11:19:48.000Z","fee":"86861","hash":"0xb00ca0ed6f2abe4e196073ac7aeb7ff9dbf98d599f4aefc7a2db4ca7edb57ccb","pubkey":"0x62f523355cC9ec3F154e448ed9D7a0AB53AAAc2a","_id":"66e02d965803ed15181fa7a6"}
2024-09-10T11:29:26.661Z [INFO]: Alert sent to Telegram: New deposit detected!
Block Number: 6666338Block Timestamp: 2024-09-10T11:19:48.000ZFee: 86861Hash: 0xb00ca0ed6f2abe4e196073ac7aeb7ff9dbf98d599f4aefc7a2db4ca7edb57ccbPubKey: 0x62f523355cC9ec3F154e448ed9D7a0AB53AAAc2a
2024-09-10T11:29:26.983Z [INFO]: Fetched transaction details for hash: 0xe59f7cdf3916673d7ca82bf8f03f381d0d60411254df18347c01346ee606165b
2024-09-10T11:29:27.268Z [INFO]: Fetched block timestamp for block number: 6666361
2024-09-10T11:29:27.303Z [INFO]: Deposit stored: {"blockNumber":6666361,"blockTimestamp":"2024-09-10T11:26:48.000Z","fee":"86861","hash":"0xe59f7cdf3916673d7ca82bf8f03f381d0d60411254df18347c01346ee606165b","pubkey":"0x62f523355cC9ec3F154e448ed9D7a0AB53AAAc2a","_id":"66e02d975803ed15181fa7a7"}
2024-09-10T11:29:27.642Z [INFO]: Alert sent to Telegram: New deposit detected!
Block Number: 6666361Block Timestamp: 2024-09-10T11:26:48.000ZFee: 86861Hash: 0xe59f7cdf3916673d7ca82bf8f03f381d0d60411254df18347c01346ee606165bPubKey: 0x62f523355cC9ec3F154e448ed9D7a0AB53AAAc2a
2024-09-10T11:30:27.681Z [INFO]: Running deposit tracker...
2024-09-10T11:30:28.407Z [INFO]: Fetched logs from block 6666361
2024-09-10T11:30:28.407Z [INFO]: Found 2 new deposit logs.
2024-09-10T11:30:29.051Z [INFO]: Fetched transaction details for hash: 0xe59f7cdf3916673d7ca82bf8f03f381d0d60411254df18347c01346ee606165b
2024-09-10T11:30:29.357Z [INFO]: Fetched block timestamp for block number: 6666361
2024-09-10T11:30:29.393Z [INFO]: Deposit stored: {"blockNumber":6666361,"blockTimestamp":"2024-09-10T11:26:48.000Z","fee":"86861","hash":"0xe59f7cdf3916673d7ca82bf8f03f381d0d60411254df18347c01346ee606165b","pubkey":"0x62f523355cC9ec3F154e448ed9D7a0AB53AAAc2a","_id":"66e02dd55803ed15181fa7a8"}
2024-09-10T11:30:29.733Z [INFO]: Alert sent to Telegram: New deposit detected!
Block Number: 6666361Block Timestamp: 2024-09-10T11:26:48.000ZFee: 86861Hash: 0xe59f7cdf3916673d7ca82bf8f03f381d0d60411254df18347c01346ee606165bPubKey: 0x62f523355cC9ec3F154e448ed9D7a0AB53AAAc2a
2024-09-10T11:30:30.124Z [INFO]: Fetched transaction details for hash: 0x662d5794f928b1e8f8df6176d4a126e1edebdab6ffc6d928bd6ff96232e4d38f
2024-09-10T11:30:30.408Z [INFO]: Fetched block timestamp for block number: 6666374
2024-09-10T11:30:30.448Z [INFO]: Deposit stored: {"blockNumber":6666374,"blockTimestamp":"2024-09-10T11:30:00.000Z","fee":"86861","hash":"0x662d5794f928b1e8f8df6176d4a126e1edebdab6ffc6d928bd6ff96232e4d38f","pubkey":"0x62f523355cC9ec3F154e448ed9D7a0AB53AAAc2a","_id":"66e02dd65803ed15181fa7a9"}
2024-09-10T11:30:30.807Z [INFO]: Alert sent to Telegram: New deposit detected!
Block Number: 6666374Block Timestamp: 2024-09-10T11:30:00.000ZFee: 86861Hash: 0x662d5794f928b1e8f8df6176d4a126e1edebdab6ffc6d928bd6ff96232e4d38fPubKey: 0x62f523355cC9ec3F154e448ed9D7a0AB53AAAc2a
2024-09-10T11:31:27.685Z [INFO]: Running deposit tracker...
2024-09-10T11:31:28.313Z [INFO]: Fetched logs from block 6666374
2024-09-10T11:31:28.314Z [INFO]: Found 1 new deposit logs.
2024-09-10T11:31:28.984Z [INFO]: Fetched transaction details for hash: 0x662d5794f928b1e8f8df6176d4a126e1edebdab6ffc6d928bd6ff96232e4d38f
2024-09-10T11:31:29.292Z [INFO]: Fetched block timestamp for block number: 6666374
2024-09-10T11:31:29.334Z [INFO]: Deposit stored: {"blockNumber":6666374,"blockTimestamp":"2024-09-10T11:30:00.000Z","fee":"86861","hash":"0x662d5794f928b1e8f8df6176d4a126e1edebdab6ffc6d928bd6ff96232e4d38f","pubkey":"0x62f523355cC9ec3F154e448ed9D7a0AB53AAAc2a","_id":"66e02e115803ed15181fa7aa"}
2024-09-10T11:31:29.673Z [INFO]: Alert sent to Telegram: New deposit detected!
Block Number: 6666374Block Timestamp: 2024-09-10T11:30:00.000ZFee: 86861Hash: 0x662d5794f928b1e8f8df6176d4a126e1edebdab6ffc6d928bd6ff96232e4d38fPubKey: 0x62f523355cC9ec3F154e448ed9D7a0AB53AAAc2a
2024-09-10T11:32:27.693Z [INFO]: Running deposit tracker...
2024-09-10T11:32:28.052Z [INFO]: Fetched logs from block 6666374
2024-09-10T11:32:28.052Z [INFO]: Found 1 new deposit logs.
2024-09-10T11:32:28.611Z [INFO]: Fetched transaction details for hash: 0x662d5794f928b1e8f8df6176d4a126e1edebdab6ffc6d928bd6ff96232e4d38f
2024-09-10T11:32:28.897Z [INFO]: Fetched block timestamp for block number: 6666374
2024-09-10T11:32:28.933Z [INFO]: Deposit stored: {"blockNumber":6666374,"blockTimestamp":"2024-09-10T11:30:00.000Z","fee":"86861","hash":"0x662d5794f928b1e8f8df6176d4a126e1edebdab6ffc6d928bd6ff96232e4d38f","pubkey":"0x62f523355cC9ec3F154e448ed9D7a0AB53AAAc2a","_id":"66e02e4c5803ed15181fa7ab"}
2024-09-10T11:32:29.305Z [INFO]: Alert sent to Telegram: New deposit detected!
Block Number: 6666374Block Timestamp: 2024-09-10T11:30:00.000ZFee: 86861Hash: 0x662d5794f928b1e8f8df6176d4a126e1edebdab6ffc6d928bd6ff96232e4d38fPubKey: 0x62f523355cC9ec3F154e448ed9D7a0AB53AAAc2a
2024-09-10T11:36:47.781Z [INFO]: Connected to MongoDB, starting deposit tracking...
2024-09-10T11:36:48.443Z [INFO]: Fetched logs from block 6666362
2024-09-10T11:36:48.444Z [INFO]: Found 2 new deposit logs.
2024-09-10T11:36:49.042Z [INFO]: Fetched transaction details for hash: 0x662d5794f928b1e8f8df6176d4a126e1edebdab6ffc6d928bd6ff96232e4d38f
2024-09-10T11:36:49.345Z [INFO]: Fetched block timestamp for block number: 6666374
2024-09-10T11:36:49.380Z [INFO]: Deposit stored: {"blockNumber":6666374,"blockTimestamp":"2024-09-10T11:30:00.000Z","fee":"86861","hash":"0x662d5794f928b1e8f8df6176d4a126e1edebdab6ffc6d928bd6ff96232e4d38f","pubkey":"0x62f523355cC9ec3F154e448ed9D7a0AB53AAAc2a","_id":"66e02f514dbd6f01710b024c"}
2024-09-10T11:36:50.076Z [INFO]: Alert sent to Telegram: New deposit detected!

Block Number: 6666374
Block Timestamp: 2024-09-10T11:30:00.000Z
Fee: 86861
Hash: 0x662d5794f928b1e8f8df6176d4a126e1edebdab6ffc6d928bd6ff96232e4d38f
xPubKey: 0x62f523355cC9ec3F154e448ed9D7a0AB53AAAc2a
2024-09-10T11:36:50.386Z [INFO]: Fetched transaction details for hash: 0x5e0746b39e847472b3da4ced073a42f69fd00a9974e22eec837e066de1fd1a70
2024-09-10T11:36:50.686Z [INFO]: Fetched block timestamp for block number: 6666385
2024-09-10T11:36:50.723Z [INFO]: Deposit stored: {"blockNumber":6666385,"blockTimestamp":"2024-09-10T11:32:36.000Z","fee":"86861","hash":"0x5e0746b39e847472b3da4ced073a42f69fd00a9974e22eec837e066de1fd1a70","pubkey":"0x62f523355cC9ec3F154e448ed9D7a0AB53AAAc2a","_id":"66e02f524dbd6f01710b024d"}
2024-09-10T11:36:51.127Z [INFO]: Alert sent to Telegram: New deposit detected!

Block Number: 6666385
Block Timestamp: 2024-09-10T11:32:36.000Z
Fee: 86861
Hash: 0x5e0746b39e847472b3da4ced073a42f69fd00a9974e22eec837e066de1fd1a70
xPubKey: 0x62f523355cC9ec3F154e448ed9D7a0AB53AAAc2a
2024-09-10T11:37:51.174Z [INFO]: Running deposit tracker...
2024-09-10T11:37:51.867Z [INFO]: Fetched logs from block 6666386
2024-09-10T11:37:51.868Z [INFO]: No new deposit logs found.
2024-09-10T11:38:51.181Z [INFO]: Running deposit tracker...
2024-09-10T11:38:51.869Z [INFO]: Fetched logs from block 6666386
2024-09-10T11:38:51.870Z [INFO]: Found 1 new deposit logs.
2024-09-10T11:38:52.402Z [INFO]: Fetched transaction details for hash: 0x106a7581d2ed851c03c15b7e9fe3857571305d8c4ba41ff0dcffa18a92281da4
2024-09-10T11:38:52.804Z [INFO]: Fetched block timestamp for block number: 6666410
2024-09-10T11:38:52.844Z [INFO]: Deposit stored: {"blockNumber":6666410,"blockTimestamp":"2024-09-10T11:38:48.000Z","fee":"86861","hash":"0x106a7581d2ed851c03c15b7e9fe3857571305d8c4ba41ff0dcffa18a92281da4","pubkey":"0x62f523355cC9ec3F154e448ed9D7a0AB53AAAc2a","_id":"66e02fcc4dbd6f01710b024e"}
2024-09-10T11:38:53.181Z [INFO]: Alert sent to Telegram: New deposit detected!

Block Number: 6666410
Block Timestamp: 2024-09-10T11:38:48.000Z
Fee: 86861
Hash: 0x106a7581d2ed851c03c15b7e9fe3857571305d8c4ba41ff0dcffa18a92281da4
xPubKey: 0x62f523355cC9ec3F154e448ed9D7a0AB53AAAc2a
2024-09-10T11:39:51.187Z [INFO]: Running deposit tracker...
2024-09-10T11:39:51.772Z [INFO]: Fetched logs from block 6666411
2024-09-10T11:39:51.773Z [INFO]: No new deposit logs found.
2024-09-10T11:40:51.197Z [INFO]: Running deposit tracker...
2024-09-10T11:40:51.923Z [INFO]: Fetched logs from block 6666411
2024-09-10T11:40:51.923Z [INFO]: No new deposit logs found.
2024-09-10T11:41:51.210Z [INFO]: Running deposit tracker...
2024-09-10T11:41:51.596Z [INFO]: Fetched logs from block 6666411
2024-09-10T11:41:51.597Z [INFO]: Found 1 new deposit logs.
2024-09-10T11:41:52.321Z [INFO]: Fetched transaction details for hash: 0x34e4bbedd1f0345845081d131c26462769098de28393b1db0a2a78b5545a7204
2024-09-10T11:41:52.610Z [INFO]: Fetched block timestamp for block number: 6666423
2024-09-10T11:41:52.650Z [INFO]: Deposit stored: {"blockNumber":6666423,"blockTimestamp":"2024-09-10T11:41:48.000Z","fee":"86861","hash":"0x34e4bbedd1f0345845081d131c26462769098de28393b1db0a2a78b5545a7204","pubkey":"0x62f523355cC9ec3F154e448ed9D7a0AB53AAAc2a","_id":"66e030804dbd6f01710b024f"}
2024-09-10T11:41:53.030Z [INFO]: Alert sent to Telegram: New deposit detected!

Block Number: 6666423
Block Timestamp: 2024-09-10T11:41:48.000Z
Fee: 86861
Hash: 0x34e4bbedd1f0345845081d131c26462769098de28393b1db0a2a78b5545a7204
xPubKey: 0x62f523355cC9ec3F154e448ed9D7a0AB53AAAc2a
2024-09-10T11:42:51.211Z [INFO]: Running deposit tracker...
2024-09-10T11:42:51.568Z [INFO]: Fetched logs from block 6666424
2024-09-10T11:42:51.569Z [INFO]: No new deposit logs found.
2024-09-10T11:43:51.224Z [INFO]: Running deposit tracker...
2024-09-10T11:43:51.837Z [INFO]: Fetched logs from block 6666424
2024-09-10T11:43:51.838Z [INFO]: No new deposit logs found.
2024-09-10T11:44:51.227Z [INFO]: Running deposit tracker...
2024-09-10T11:44:51.969Z [INFO]: Fetched logs from block 6666424
2024-09-10T11:44:51.969Z [INFO]: No new deposit logs found.
2024-09-10T11:45:51.242Z [INFO]: Running deposit tracker...
2024-09-10T11:45:51.878Z [INFO]: Fetched logs from block 6666424
2024-09-10T11:45:51.878Z [INFO]: Found 1 new deposit logs.
2024-09-10T11:45:52.456Z [INFO]: Fetched transaction details for hash: 0xa3bc3c44bcdac55913d6c16a707fa864f3cdf3058151ef17e0a2947a291ec3fc
2024-09-10T11:45:52.745Z [INFO]: Fetched block timestamp for block number: 6666434
2024-09-10T11:45:52.785Z [INFO]: Deposit stored: {"blockNumber":6666434,"blockTimestamp":"2024-09-10T11:45:12.000Z","fee":"86861","hash":"0xa3bc3c44bcdac55913d6c16a707fa864f3cdf3058151ef17e0a2947a291ec3fc","pubkey":"0x62f523355cC9ec3F154e448ed9D7a0AB53AAAc2a","_id":"66e031704dbd6f01710b0250"}
2024-09-10T11:45:53.448Z [INFO]: Alert sent to Telegram: New deposit detected!

Block Number: 6666434
Block Timestamp: 2024-09-10T11:45:12.000Z
Fee: 86861
Hash: 0xa3bc3c44bcdac55913d6c16a707fa864f3cdf3058151ef17e0a2947a291ec3fc
xPubKey: 0x62f523355cC9ec3F154e448ed9D7a0AB53AAAc2a
2024-09-10T11:46:51.241Z [INFO]: Running deposit tracker...
2024-09-10T11:46:51.631Z [INFO]: Fetched logs from block 6666435
2024-09-10T11:46:51.631Z [INFO]: No new deposit logs found.
2024-09-10T11:47:51.244Z [INFO]: Running deposit tracker...
2024-09-10T11:47:51.600Z [INFO]: Fetched logs from block 6666435
2024-09-10T11:47:51.601Z [INFO]: Found 1 new deposit logs.
2024-09-10T11:47:52.171Z [INFO]: Fetched transaction details for hash: 0xd73e21e3ed7bd8b6124f8fff2ba505c6042a4f563646e1fed09dd8e6b900e5a8
2024-09-10T11:47:52.459Z [INFO]: Fetched block timestamp for block number: 6666445
2024-09-10T11:47:52.494Z [INFO]: Deposit stored: {"blockNumber":6666445,"blockTimestamp":"2024-09-10T11:47:36.000Z","fee":"86861","hash":"0xd73e21e3ed7bd8b6124f8fff2ba505c6042a4f563646e1fed09dd8e6b900e5a8","pubkey":"0x62f523355cC9ec3F154e448ed9D7a0AB53AAAc2a","_id":"66e031e84dbd6f01710b0251"}
2024-09-10T11:47:52.949Z [INFO]: Alert sent to Telegram: New deposit detected!

Block Number: 6666445
Block Timestamp: 2024-09-10T11:47:36.000Z
Fee: 86861
Hash: 0xd73e21e3ed7bd8b6124f8fff2ba505c6042a4f563646e1fed09dd8e6b900e5a8
xPubKey: 0x62f523355cC9ec3F154e448ed9D7a0AB53AAAc2a
2024-09-10T11:48:51.245Z [INFO]: Running deposit tracker...
2024-09-10T11:48:51.626Z [INFO]: Fetched logs from block 6666446
2024-09-10T11:48:51.626Z [INFO]: No new deposit logs found.
2024-09-10T11:49:51.256Z [INFO]: Running deposit tracker...
2024-09-10T11:49:51.829Z [INFO]: Fetched logs from block 6666446
2024-09-10T11:49:51.829Z [INFO]: No new deposit logs found.
2024-09-10T11:50:51.261Z [INFO]: Running deposit tracker...
2024-09-10T11:50:51.847Z [INFO]: Fetched logs from block 6666446
2024-09-10T11:50:51.848Z [INFO]: No new deposit logs found.
2024-09-10T11:51:51.273Z [INFO]: Running deposit tracker...
2024-09-10T11:51:51.893Z [INFO]: Fetched logs from block 6666446
2024-09-10T11:51:51.894Z [INFO]: Found 1 new deposit logs.
2024-09-10T11:51:52.482Z [INFO]: Fetched transaction details for hash: 0xaea40a9639f0742d0e29675cd920b740d86d1e9e7b357cf29e9aa7ada971dc33
2024-09-10T11:51:52.766Z [INFO]: Fetched block timestamp for block number: 6666460
2024-09-10T11:51:52.806Z [INFO]: Deposit stored: {"blockNumber":6666460,"blockTimestamp":"2024-09-10T11:51:36.000Z","fee":"86849","hash":"0xaea40a9639f0742d0e29675cd920b740d86d1e9e7b357cf29e9aa7ada971dc33","pubkey":"0x62f523355cC9ec3F154e448ed9D7a0AB53AAAc2a","_id":"66e032d84dbd6f01710b0252"}
2024-09-10T11:51:53.169Z [INFO]: Alert sent to Telegram: New deposit detected!

Block Number: 6666460
Block Timestamp: 2024-09-10T11:51:36.000Z
Fee: 86849
Hash: 0xaea40a9639f0742d0e29675cd920b740d86d1e9e7b357cf29e9aa7ada971dc33
xPubKey: 0x62f523355cC9ec3F154e448ed9D7a0AB53AAAc2a
2024-09-10T11:52:51.276Z [INFO]: Running deposit tracker...
2024-09-10T11:52:51.950Z [INFO]: Fetched logs from block 6666461
2024-09-10T11:52:51.950Z [INFO]: No new deposit logs found.
2024-09-10T11:53:51.286Z [INFO]: Running deposit tracker...
2024-09-10T11:53:51.727Z [INFO]: Fetched logs from block 6666461
2024-09-10T11:53:51.728Z [INFO]: No new deposit logs found.
2024-09-10T11:54:51.297Z [INFO]: Running deposit tracker...
2024-09-10T11:54:51.690Z [INFO]: Fetched logs from block 6666461
2024-09-10T11:54:51.690Z [INFO]: No new deposit logs found.
2024-09-10T11:55:51.302Z [INFO]: Running deposit tracker...
2024-09-10T11:55:51.664Z [INFO]: Fetched logs from block 6666461
2024-09-10T11:55:51.665Z [INFO]: No new deposit logs found.
2024-09-10T11:59:41.721Z [INFO]: Connected to MongoDB, starting deposit tracking...
2024-09-10T11:59:41.759Z [INFO]: Last fetched block found: 6666424
2024-09-10T11:59:41.759Z [INFO]: Fetching from block 6666425
2024-09-10T11:59:42.378Z [INFO]: Fetched logs from block 6666425
2024-09-10T11:59:42.378Z [INFO]: Found 4 new deposit logs.
2024-09-10T11:59:42.904Z [INFO]: Fetched transaction details for hash: 0xa3bc3c44bcdac55913d6c16a707fa864f3cdf3058151ef17e0a2947a291ec3fc
2024-09-10T11:59:43.173Z [INFO]: Fetched block timestamp for block number: 6666434
2024-09-10T11:59:43.209Z [INFO]: Deposit stored: {"blockNumber":6666434,"blockTimestamp":"2024-09-10T11:45:12.000Z","fee":"86861","hash":"0xa3bc3c44bcdac55913d6c16a707fa864f3cdf3058151ef17e0a2947a291ec3fc","pubkey":"0x62f523355cC9ec3F154e448ed9D7a0AB53AAAc2a","_id":"66e034afad8d634f14d4af5b"}
2024-09-10T11:59:43.902Z [INFO]: Alert sent to Telegram: New deposit detected!

Block Number: 6666434
Block Timestamp: 2024-09-10T11:45:12.000Z
Fee: 86861
Hash: 0xa3bc3c44bcdac55913d6c16a707fa864f3cdf3058151ef17e0a2947a291ec3fc
PubKey: 0x62f523355cC9ec3F154e448ed9D7a0AB53AAAc2a
2024-09-10T11:59:43.938Z [INFO]: Last fetched block (6666484) saved.
2024-09-10T11:59:44.206Z [INFO]: Fetched transaction details for hash: 0xd73e21e3ed7bd8b6124f8fff2ba505c6042a4f563646e1fed09dd8e6b900e5a8
2024-09-10T11:59:44.480Z [INFO]: Fetched block timestamp for block number: 6666445
2024-09-10T11:59:44.518Z [INFO]: Deposit stored: {"blockNumber":6666445,"blockTimestamp":"2024-09-10T11:47:36.000Z","fee":"86861","hash":"0xd73e21e3ed7bd8b6124f8fff2ba505c6042a4f563646e1fed09dd8e6b900e5a8","pubkey":"0x62f523355cC9ec3F154e448ed9D7a0AB53AAAc2a","_id":"66e034b0ad8d634f14d4af5c"}
2024-09-10T11:59:44.934Z [INFO]: Alert sent to Telegram: New deposit detected!

Block Number: 6666445
Block Timestamp: 2024-09-10T11:47:36.000Z
Fee: 86861
Hash: 0xd73e21e3ed7bd8b6124f8fff2ba505c6042a4f563646e1fed09dd8e6b900e5a8
PubKey: 0x62f523355cC9ec3F154e448ed9D7a0AB53AAAc2a
2024-09-10T11:59:44.967Z [INFO]: Last fetched block (6666484) saved.
2024-09-10T11:59:45.235Z [INFO]: Fetched transaction details for hash: 0xaea40a9639f0742d0e29675cd920b740d86d1e9e7b357cf29e9aa7ada971dc33
2024-09-10T11:59:45.506Z [INFO]: Fetched block timestamp for block number: 6666460
2024-09-10T11:59:45.541Z [INFO]: Deposit stored: {"blockNumber":6666460,"blockTimestamp":"2024-09-10T11:51:36.000Z","fee":"86849","hash":"0xaea40a9639f0742d0e29675cd920b740d86d1e9e7b357cf29e9aa7ada971dc33","pubkey":"0x62f523355cC9ec3F154e448ed9D7a0AB53AAAc2a","_id":"66e034b1ad8d634f14d4af5d"}
2024-09-10T11:59:45.907Z [INFO]: Alert sent to Telegram: New deposit detected!

Block Number: 6666460
Block Timestamp: 2024-09-10T11:51:36.000Z
Fee: 86849
Hash: 0xaea40a9639f0742d0e29675cd920b740d86d1e9e7b357cf29e9aa7ada971dc33
PubKey: 0x62f523355cC9ec3F154e448ed9D7a0AB53AAAc2a
2024-09-10T11:59:45.939Z [INFO]: Last fetched block (6666484) saved.
2024-09-10T11:59:46.205Z [INFO]: Fetched transaction details for hash: 0xd4b50f22797aa344050b7f02819d1315d1c14d36a50aa9a988b75041d417c2c2
2024-09-10T11:59:46.476Z [INFO]: Fetched block timestamp for block number: 6666484
2024-09-10T11:59:46.513Z [INFO]: Deposit stored: {"blockNumber":6666484,"blockTimestamp":"2024-09-10T11:58:00.000Z","fee":"86861","hash":"0xd4b50f22797aa344050b7f02819d1315d1c14d36a50aa9a988b75041d417c2c2","pubkey":"0x62f523355cC9ec3F154e448ed9D7a0AB53AAAc2a","_id":"66e034b2ad8d634f14d4af5e"}
2024-09-10T11:59:46.910Z [INFO]: Alert sent to Telegram: New deposit detected!

Block Number: 6666484
Block Timestamp: 2024-09-10T11:58:00.000Z
Fee: 86861
Hash: 0xd4b50f22797aa344050b7f02819d1315d1c14d36a50aa9a988b75041d417c2c2
PubKey: 0x62f523355cC9ec3F154e448ed9D7a0AB53AAAc2a
2024-09-10T11:59:46.941Z [INFO]: Last fetched block (6666484) saved.
2024-09-10T12:00:46.957Z [INFO]: Running deposit tracker...
2024-09-10T12:00:46.996Z [INFO]: Last fetched block found: 6666484
2024-09-10T12:00:46.996Z [INFO]: Fetching from block 6666485
2024-09-10T12:00:47.344Z [INFO]: Fetched logs from block 6666485
2024-09-10T12:00:47.344Z [INFO]: No new deposit logs found.
2024-09-10T12:01:46.962Z [INFO]: Running deposit tracker...
2024-09-10T12:01:47.000Z [INFO]: Last fetched block found: 6666484
2024-09-10T12:01:47.000Z [INFO]: Fetching from block 6666485
2024-09-10T12:01:47.421Z [INFO]: Fetched logs from block 6666485
2024-09-10T12:01:47.422Z [INFO]: Found 1 new deposit logs.
2024-09-10T12:01:49.760Z [INFO]: Fetched transaction details for hash: 0x56aa3ee771d6f9818e236192629fd0efdcceb3038efba8ad014a3de68c02c83c
2024-09-10T12:02:16.436Z [INFO]: Fetched block timestamp for block number: 6666497
2024-09-10T12:02:16.483Z [INFO]: Deposit stored: {"blockNumber":6666497,"blockTimestamp":"2024-09-10T12:01:36.000Z","fee":"86861","hash":"0x56aa3ee771d6f9818e236192629fd0efdcceb3038efba8ad014a3de68c02c83c","pubkey":"0x62f523355cC9ec3F154e448ed9D7a0AB53AAAc2a","_id":"66e03548ad8d634f14d4af5f"}
2024-09-10T12:02:16.925Z [INFO]: Alert sent to Telegram: New deposit detected!

Block Number: 6666497
Block Timestamp: 2024-09-10T12:01:36.000Z
Fee: 86861
Hash: 0x56aa3ee771d6f9818e236192629fd0efdcceb3038efba8ad014a3de68c02c83c
PubKey: 0x62f523355cC9ec3F154e448ed9D7a0AB53AAAc2a
2024-09-10T12:02:16.966Z [INFO]: Last fetched block (6666497) saved.
2024-09-10T12:02:46.977Z [INFO]: Running deposit tracker...
2024-09-10T12:02:47.012Z [INFO]: Last fetched block found: 6666497
2024-09-10T12:02:47.012Z [INFO]: Fetching from block 6666498
2024-09-10T12:02:47.578Z [INFO]: Fetched logs from block 6666498
2024-09-10T12:02:47.578Z [INFO]: No new deposit logs found.
2024-09-10T12:03:46.987Z [INFO]: Running deposit tracker...
2024-09-10T12:03:47.023Z [INFO]: Last fetched block found: 6666497
2024-09-10T12:03:47.023Z [INFO]: Fetching from block 6666498
2024-09-10T12:03:47.582Z [INFO]: Fetched logs from block 6666498
2024-09-10T12:03:47.582Z [INFO]: No new deposit logs found.
2024-09-10T12:04:47.002Z [INFO]: Running deposit tracker...
2024-09-10T12:04:47.037Z [INFO]: Last fetched block found: 6666497
2024-09-10T12:04:47.038Z [INFO]: Fetching from block 6666498
2024-09-10T12:04:47.581Z [INFO]: Fetched logs from block 6666498
2024-09-10T12:04:47.582Z [INFO]: Found 1 new deposit logs.
2024-09-10T12:04:48.204Z [INFO]: Fetched transaction details for hash: 0x39219dd86a1981143e3ead7b03e076668a4dcfb5d094aea2d40591548708fd07
2024-09-10T12:04:48.473Z [INFO]: Fetched block timestamp for block number: 6666510
2024-09-10T12:04:48.518Z [INFO]: Deposit stored: {"blockNumber":6666510,"blockTimestamp":"2024-09-10T12:04:24.000Z","fee":"86849","hash":"0x39219dd86a1981143e3ead7b03e076668a4dcfb5d094aea2d40591548708fd07","pubkey":"0x62f523355cC9ec3F154e448ed9D7a0AB53AAAc2a","_id":"66e035e0ad8d634f14d4af60"}
2024-09-10T12:04:48.872Z [INFO]: Alert sent to Telegram: New deposit detected!

Block Number: 6666510
Block Timestamp: 2024-09-10T12:04:24.000Z
Fee: 86849
Hash: 0x39219dd86a1981143e3ead7b03e076668a4dcfb5d094aea2d40591548708fd07
PubKey: 0x62f523355cC9ec3F154e448ed9D7a0AB53AAAc2a
2024-09-10T12:04:48.911Z [INFO]: Last fetched block (6666510) saved.
2024-09-10T12:18:07.592Z [INFO]: Connected to MongoDB, starting deposit tracking...
2024-09-10T12:18:07.628Z [INFO]: Last fetched block found: 6666510
2024-09-10T12:18:07.628Z [INFO]: Fetching from block 6666511
2024-09-10T12:18:08.299Z [INFO]: Fetched logs from block 6666511
2024-09-10T12:18:08.300Z [INFO]: Found 3 new deposit logs.
2024-09-10T12:18:08.917Z [INFO]: Fetched transaction details for hash: 0xf30e82fdcbd86e5bd77b511b0371088c7d4defbcdfbf0f658935c9902fd16437
2024-09-10T12:18:09.301Z [INFO]: Fetched block timestamp for block number: 6666522
2024-09-10T12:18:09.344Z [INFO]: Deposit stored: {"blockNumber":6666522,"blockTimestamp":"2024-09-10T12:07:12.000Z","fee":"86849","hash":"0xf30e82fdcbd86e5bd77b511b0371088c7d4defbcdfbf0f658935c9902fd16437","pubkey":"0x62f523355cC9ec3F154e448ed9D7a0AB53AAAc2a","_id":"66e03901b67ecda4dd9daf1a"}
2024-09-10T12:18:10.103Z [INFO]: Alert sent to Telegram: New deposit detected!

Block Number: 6666522
Block Timestamp: 2024-09-10T12:07:12.000Z
Fee: 86849
Hash: 0xf30e82fdcbd86e5bd77b511b0371088c7d4defbcdfbf0f658935c9902fd16437
PubKey: 0x62f523355cC9ec3F154e448ed9D7a0AB53AAAc2a
2024-09-10T12:18:10.137Z [INFO]: Last fetched block (6666560) saved.
2024-09-10T12:18:10.409Z [INFO]: Fetched transaction details for hash: 0xd0f890147f7bb3f78b5d1f79ed54fd1e3db70bf26652aa512d1306f8a9ec3e73
2024-09-10T12:18:10.680Z [INFO]: Fetched block timestamp for block number: 6666539
2024-09-10T12:18:10.712Z [INFO]: Deposit stored: {"blockNumber":6666539,"blockTimestamp":"2024-09-10T12:11:12.000Z","fee":"86861","hash":"0xd0f890147f7bb3f78b5d1f79ed54fd1e3db70bf26652aa512d1306f8a9ec3e73","pubkey":"0x62f523355cC9ec3F154e448ed9D7a0AB53AAAc2a","_id":"66e03902b67ecda4dd9daf1b"}
2024-09-10T12:18:11.079Z [INFO]: Alert sent to Telegram: New deposit detected!

Block Number: 6666539
Block Timestamp: 2024-09-10T12:11:12.000Z
Fee: 86861
Hash: 0xd0f890147f7bb3f78b5d1f79ed54fd1e3db70bf26652aa512d1306f8a9ec3e73
PubKey: 0x62f523355cC9ec3F154e448ed9D7a0AB53AAAc2a
2024-09-10T12:18:11.110Z [INFO]: Last fetched block (6666560) saved.
2024-09-10T12:18:11.377Z [INFO]: Fetched transaction details for hash: 0x4c3c650ca920b05b3e7a91d93a4176e99c8c3cba58018bf6d3f6a3063a050890
2024-09-10T12:18:11.652Z [INFO]: Fetched block timestamp for block number: 6666560
2024-09-10T12:18:11.685Z [INFO]: Deposit stored: {"blockNumber":6666560,"blockTimestamp":"2024-09-10T12:17:12.000Z","fee":"86861","hash":"0x4c3c650ca920b05b3e7a91d93a4176e99c8c3cba58018bf6d3f6a3063a050890","pubkey":"0x62f523355cC9ec3F154e448ed9D7a0AB53AAAc2a","_id":"66e03903b67ecda4dd9daf1c"}
2024-09-10T12:18:12.040Z [INFO]: Alert sent to Telegram: New deposit detected!

Block Number: 6666560
Block Timestamp: 2024-09-10T12:17:12.000Z
Fee: 86861
Hash: 0x4c3c650ca920b05b3e7a91d93a4176e99c8c3cba58018bf6d3f6a3063a050890
PubKey: 0x62f523355cC9ec3F154e448ed9D7a0AB53AAAc2a
2024-09-10T12:18:12.071Z [INFO]: Last fetched block (6666560) saved.
2024-09-10T12:19:12.077Z [INFO]: Running deposit tracker...
2024-09-10T12:19:12.106Z [INFO]: Last fetched block found: 6666560
2024-09-10T12:19:12.107Z [INFO]: Fetching from block 6666561
2024-09-10T12:19:12.668Z [INFO]: Fetched logs from block 6666561
2024-09-10T12:19:12.668Z [INFO]: No new deposit logs found.
2024-09-10T12:20:12.081Z [INFO]: Running deposit tracker...
2024-09-10T12:20:12.111Z [INFO]: Last fetched block found: 6666560
2024-09-10T12:20:12.111Z [INFO]: Fetching from block 6666561
2024-09-10T12:20:12.491Z [INFO]: Fetched logs from block 6666561
2024-09-10T12:20:12.492Z [INFO]: No new deposit logs found.
2024-09-10T12:21:12.095Z [INFO]: Running deposit tracker...
2024-09-10T12:21:12.124Z [INFO]: Last fetched block found: 6666560
2024-09-10T12:21:12.124Z [INFO]: Fetching from block 6666561
2024-09-10T12:21:12.643Z [INFO]: Fetched logs from block 6666561
2024-09-10T12:21:12.644Z [INFO]: No new deposit logs found.
2024-09-10T12:22:12.106Z [INFO]: Running deposit tracker...
2024-09-10T12:22:12.135Z [INFO]: Last fetched block found: 6666560
2024-09-10T12:22:12.135Z [INFO]: Fetching from block 6666561
2024-09-10T12:22:12.483Z [INFO]: Fetched logs from block 6666561
2024-09-10T12:22:12.483Z [INFO]: Found 1 new deposit logs.
2024-09-10T12:22:13.028Z [INFO]: Fetched transaction details for hash: 0xe114ae2a1b63ec79fb1c4e75cada1ad8b47527278f8b7ee15355307161968b69
2024-09-10T12:22:13.304Z [INFO]: Fetched block timestamp for block number: 6666574
2024-09-10T12:22:13.344Z [INFO]: Deposit stored: {"blockNumber":6666574,"blockTimestamp":"2024-09-10T12:21:24.000Z","fee":"86861","hash":"0xe114ae2a1b63ec79fb1c4e75cada1ad8b47527278f8b7ee15355307161968b69","pubkey":"0x62f523355cC9ec3F154e448ed9D7a0AB53AAAc2a","_id":"66e039f5b67ecda4dd9daf1d"}
2024-09-10T12:22:13.697Z [INFO]: Alert sent to Telegram: New deposit detected!

Block Number: 6666574
Block Timestamp: 2024-09-10T12:21:24.000Z
Fee: 86861
Hash: 0xe114ae2a1b63ec79fb1c4e75cada1ad8b47527278f8b7ee15355307161968b69
PubKey: 0x62f523355cC9ec3F154e448ed9D7a0AB53AAAc2a
2024-09-10T12:22:13.731Z [INFO]: Last fetched block (6666574) saved.
2024-09-10T12:23:12.119Z [INFO]: Running deposit tracker...
2024-09-10T12:23:12.149Z [INFO]: Last fetched block found: 6666574
2024-09-10T12:23:12.149Z [INFO]: Fetching from block 6666575
2024-09-10T12:23:12.699Z [INFO]: Fetched logs from block 6666575
2024-09-10T12:23:12.699Z [INFO]: No new deposit logs found.
2024-09-10T12:24:12.131Z [INFO]: Running deposit tracker...
2024-09-10T12:24:12.161Z [INFO]: Last fetched block found: 6666574
2024-09-10T12:24:12.161Z [INFO]: Fetching from block 6666575
2024-09-10T12:24:12.727Z [INFO]: Fetched logs from block 6666575
2024-09-10T12:24:12.727Z [INFO]: No new deposit logs found.
